  logger.cpp
  main.cpp
D:\TensorRT-7.0.0.11\include\NvInfer.h(3558,1): warning C4819: 该文件包含不能在当前代码页(936)中表示的字符。请将该文件保存为 Unicode 格式以防止数据丢失
C:\Program Files\NVIDIA GPU Computing Toolkit\CUDA\v10.2\include\cuda_runtime_api.h(9349,1): warning C4819: 该文件包含不能在当前代码页(936)中表示的字符。请将该文件保存为 Unicode 格式以防止数据丢失
C:\Program Files\NVIDIA GPU Computing Toolkit\CUDA\v10.2\include\cuda_runtime_api.h(9349,1): warning C4819: 该文件包含不能在当前代码页(936)中表示的字符。请将该文件保存为 Unicode 格式以防止数据丢失
C:\Program Files\NVIDIA GPU Computing Toolkit\CUDA\v10.2\include\cuda_runtime_api.h(9349,1): warning C4819: 该文件包含不能在当前代码页(936)中表示的字符。请将该文件保存为 Unicode 格式以防止数据丢失
D:\Program Files (x86)\Microsoft Visual Studio\2019\Professional\VC\Tools\MSVC\14.27.29110\include\numeric(35,26): warning C4244: “=”: 从“_Ty”转换到“_Ty”，可能丢失数据
          with
          [
              _Ty=int64_t
          ]
          and
          [
              _Ty=int
          ]
D:\TensorRT-7.0.0.11\samples\common\common.h(617): message : 查看对正在编译的函数 模板 实例化“_Ty std::accumulate<const int*,int,std::multiplies<int64_t>>(const _InIt,const _InIt,_Ty,_Fn)”的引用
          with
          [
              _Ty=int,
              _InIt=const int *,
              _Fn=std::multiplies<int64_t>
          ]
  getopt.c
  正在生成代码
  Previous IPDB not found, fall back to full compilation.
  All 765 functions were compiled because no usable IPDB/IOBJ from previous compilation was found.
  已完成代码的生成
  fingerprint_C.vcxproj -> F:\AI\fingerprint_C_TensorRT\fingerprint_C\x64\Release\fingerprint_C.exe
